0 info it worked if it ends with ok
1 verbose cli [ '/usr/local/bin/node', '/usr/local/bin/npm', 'publish' ]
2 info using npm@4.0.5
3 info using node@v7.4.0
4 verbose publish [ '.' ]
5 silly cache add args [ '.', null ]
6 verbose cache add spec .
7 silly cache add parsed spec Result {
7 silly cache add   raw: '.',
7 silly cache add   scope: null,
7 silly cache add   escapedName: null,
7 silly cache add   name: null,
7 silly cache add   rawSpec: '.',
7 silly cache add   spec: '/home/ebcsystem/Bureau/Mohamed_ESSAIDI/Seeaken_web_poc/mine_other/menu-simple/menu-simple',
7 silly cache add   type: 'directory' }
8 verbose addLocalDirectory /home/ebcsystem/.npm/simple-menu/1.0.2/package.tgz not in flight; packing
9 verbose correctMkdir /home/ebcsystem/.npm correctMkdir not in flight; initializing
10 info lifecycle simple-menu@1.0.2~prepublish: simple-menu@1.0.2
11 silly lifecycle simple-menu@1.0.2~prepublish: no script for prepublish, continuing
12 info lifecycle simple-menu@1.0.2~prepare: simple-menu@1.0.2
13 silly lifecycle simple-menu@1.0.2~prepare: no script for prepare, continuing
14 verbose tar pack [ '/home/ebcsystem/.npm/simple-menu/1.0.2/package.tgz',
14 verbose tar pack   '/home/ebcsystem/Bureau/Mohamed_ESSAIDI/Seeaken_web_poc/mine_other/menu-simple/menu-simple' ]
15 verbose tarball /home/ebcsystem/.npm/simple-menu/1.0.2/package.tgz
16 verbose folder /home/ebcsystem/Bureau/Mohamed_ESSAIDI/Seeaken_web_poc/mine_other/menu-simple/menu-simple
17 verbose addLocalTarball adding from inside cache /home/ebcsystem/.npm/simple-menu/1.0.2/package.tgz
18 verbose correctMkdir /home/ebcsystem/.npm correctMkdir not in flight; initializing
19 silly cache afterAdd simple-menu@1.0.2
20 verbose afterAdd /home/ebcsystem/.npm/simple-menu/1.0.2/package/package.json not in flight; writing
21 verbose correctMkdir /home/ebcsystem/.npm correctMkdir not in flight; initializing
22 verbose afterAdd /home/ebcsystem/.npm/simple-menu/1.0.2/package/package.json written
23 silly publish { name: 'simple-menu',
23 silly publish   version: '1.0.2',
23 silly publish   description: 'Allows to create command line menu',
23 silly publish   main: 'index.js',
23 silly publish   scripts: { test: 'echo "Error: no test specified" && exit 1' },
23 silly publish   keywords: [ 'menu', 'console', 'terminal' ],
23 silly publish   author: { name: 'EssaidiM' },
23 silly publish   license: 'ISC',
23 silly publish   dependencies: { readline: '^1.3.0' },
23 silly publish   repository:
23 silly publish    { type: 'git',
23 silly publish      url: 'git+ssh://git@github.com/essaidim/simple-menu.git' },
23 silly publish   readme: 'Menu-simple\n=========\n\nThis module allows to create a simple console menu for your node application. It allows you to register menu items with their handlers.\n\n## Installation\n\n    npm install menu-simple\n\n## Methods\n\n```javascript\nvar menu = require(\'menu-simple\');\n```\n\nEach method returns reference on self object, so calls could be chained.\n\n### menu.add(title, handler)\n\nAdd item to the menu. Returns __menu__ for chaining calls.\n\n- _title_ - title of the menu item;\n- _handler_ - item handler function;\n\n```javascript\nmenu.addItem(\n    \'Menu Item\',\n    function() {\n        console.log(\'Menu selected\');\n    });\n```\n\n### menu.show(config)\n\nShows menu\n\n- _config_ - Optional , conatains messages;\n\n```javascript\nmenu.show(\n    {\n\t\ttitle : \'Menu\',\n\t\tselectMessage : \'Your choice : \',\n\t\tcloseMessage : \'Bye Bye.\',\n\t\terrorMessage : "Please choose a valid item!"\n\t}\n    );\n```\n\n## Example\n\n## Live Example\n\nwill be provided soon\n',
23 silly publish   readmeFilename: 'README.md',
23 silly publish   gitHead: '719b3ef3a6183a5c4942ec484e298440de36ce0b',
23 silly publish   bugs: { url: 'https://github.com/essaidim/simple-menu/issues' },
23 silly publish   homepage: 'https://github.com/essaidim/simple-menu#readme',
23 silly publish   _id: 'simple-menu@1.0.2',
23 silly publish   _shasum: '457f97f2e03ba28a8801bddb67e21375a2da56fb',
23 silly publish   _from: '.' }
24 info lifecycle simple-menu@1.0.2~prepublishOnly: simple-menu@1.0.2
25 silly lifecycle simple-menu@1.0.2~prepublishOnly: no script for prepublishOnly, continuing
26 verbose getPublishConfig undefined
27 silly mapToRegistry name simple-menu
28 silly mapToRegistry using default registry
29 silly mapToRegistry registry https://registry.npmjs.org/
30 silly mapToRegistry data Result {
30 silly mapToRegistry   raw: 'simple-menu',
30 silly mapToRegistry   scope: null,
30 silly mapToRegistry   escapedName: 'simple-menu',
30 silly mapToRegistry   name: 'simple-menu',
30 silly mapToRegistry   rawSpec: '',
30 silly mapToRegistry   spec: 'latest',
30 silly mapToRegistry   type: 'tag' }
31 silly mapToRegistry uri https://registry.npmjs.org/simple-menu
32 verbose publish registryBase https://registry.npmjs.org/
33 silly publish uploading /home/ebcsystem/.npm/simple-menu/1.0.2/package.tgz
34 verbose request uri https://registry.npmjs.org/simple-menu
35 verbose request sending authorization for write operation
36 info attempt registry request try #1 at 10:42:19
37 verbose request using bearer token for auth
38 verbose request id 48b53f4faaebba78
39 http request PUT https://registry.npmjs.org/simple-menu
40 http 403 https://registry.npmjs.org/simple-menu
41 verbose headers { 'content-type': 'application/json',
41 verbose headers   'cache-control': 'max-age=300',
41 verbose headers   'content-length': '105',
41 verbose headers   'accept-ranges': 'bytes',
41 verbose headers   date: 'Mon, 20 Feb 2017 10:42:31 GMT',
41 verbose headers   via: '1.1 varnish',
41 verbose headers   connection: 'keep-alive',
41 verbose headers   'x-served-by': 'cache-ams4146-AMS',
41 verbose headers   'x-cache': 'MISS',
41 verbose headers   'x-cache-hits': '0',
41 verbose headers   'x-timer': 'S1487587350.736023,VS0,VE618',
41 verbose headers   vary: 'Accept-Encoding' }
42 verbose request invalidating /home/ebcsystem/.npm/registry.npmjs.org/simple-menu on PUT
43 error publish Failed PUT 403
44 verbose stack Error: you do not have permission to publish "simple-menu". Are you logged in as the correct user? : simple-menu
44 verbose stack     at makeError (/usr/local/lib/node_modules/npm/node_modules/npm-registry-client/lib/request.js:302:12)
44 verbose stack     at CachingRegistryClient.<anonymous> (/usr/local/lib/node_modules/npm/node_modules/npm-registry-client/lib/request.js:290:14)
44 verbose stack     at Request._callback (/usr/local/lib/node_modules/npm/node_modules/npm-registry-client/lib/request.js:210:14)
44 verbose stack     at Request.self.callback (/usr/local/lib/node_modules/npm/node_modules/request/request.js:186:22)
44 verbose stack     at emitTwo (events.js:106:13)
44 verbose stack     at Request.emit (events.js:191:7)
44 verbose stack     at Request.<anonymous> (/usr/local/lib/node_modules/npm/node_modules/request/request.js:1081:10)
44 verbose stack     at emitOne (events.js:96:13)
44 verbose stack     at Request.emit (events.js:188:7)
44 verbose stack     at IncomingMessage.<anonymous> (/usr/local/lib/node_modules/npm/node_modules/request/request.js:1001:12)
45 verbose statusCode 403
46 verbose pkgid simple-menu
47 verbose cwd /home/ebcsystem/Bureau/Mohamed_ESSAIDI/Seeaken_web_poc/mine_other/menu-simple/menu-simple
48 error Linux 3.13.0-107-generic
49 error argv "/usr/local/bin/node" "/usr/local/bin/npm" "publish"
50 error node v7.4.0
51 error npm  v4.0.5
52 error code E403
53 error you do not have permission to publish "simple-menu". Are you logged in as the correct user? : simple-menu
54 error If you need help, you may report this error at:
54 error     <https://github.com/npm/npm/issues>
55 verbose exit [ 1, true ]
